<?xml version="1.0" encoding="UTF-8"?>
<!-- Generated by org.testng.reporters.JUnitReportReporter -->
<testsuite skipped="0" hostname="DESKTOP-4689JDQ" name="com.third.packag.firstclassinthirdpack" tests="1" failures="0" timestamp="18 Feb 2019 18:36:51 GMT" time="0.001" errors="0">
  <testcase name="firstclassinthirdpack" time="0.001" classname="com.third.packag.firstclassinthirdpack"/>
</testsuite> <!-- com.third.packag.firstclassinthirdpack -->
