<?xml version="1.0" encoding="UTF-8"?>
<!-- Generated by org.testng.reporters.JUnitReportReporter -->
<testsuite skipped="0" hostname="DESKTOP-4689JDQ" name="testngprog.understandingtestngxmlfile" tests="1" failures="0" timestamp="18 Feb 2019 18:36:51 GMT" time="0.002" errors="0">
  <testcase name="test1" time="0.002" classname="testngprog.understandingtestngxmlfile"/>
</testsuite> <!-- testngprog.understandingtestngxmlfile -->
