<?xml version="1.0" encoding="UTF-8"?>
<!-- Generated by org.testng.reporters.JUnitReportReporter -->
<testsuite skipped="0" hostname="DESKTOP-4689JDQ" name="com.second.packag.secondclassinsecondpack" tests="1" failures="0" timestamp="18 Feb 2019 18:36:51 GMT" time="0.004" errors="0">
  <testcase name="secondclassinsecondpack" time="0.004" classname="com.second.packag.secondclassinsecondpack"/>
</testsuite> <!-- com.second.packag.secondclassinsecondpack -->
