<?xml version="1.0" encoding="UTF-8"?>
<!-- Generated by org.testng.reporters.JUnitReportReporter -->
<testsuite skipped="0" hostname="DESKTOP-4689JDQ" name="com.third.packag.secondclassinthirdpack" tests="1" failures="0" timestamp="18 Feb 2019 18:36:51 GMT" time="0.002" errors="0">
  <testcase name="secondclassinthirdpack" time="0.002" classname="com.third.packag.secondclassinthirdpack"/>
</testsuite> <!-- com.third.packag.secondclassinthirdpack -->
